2025/12/09 11:28:09 [notice] 1#1: using the "epoll" event method
2025/12/09 11:28:09 [notice] 1#1: nginx/1.29.3
2025/12/09 11:28:09 [notice] 1#1: built by gcc 14.2.0 (Alpine 14.2.0) 
2025/12/09 11:28:09 [notice] 1#1: OS: Linux 6.16.8+kali-amd64
2025/12/09 11:28:09 [notice] 1#1: getrlimit(RLIMIT_NOFILE): 2147483584:2147483584
2025/12/09 11:28:09 [notice] 1#1: start worker processes
2025/12/09 11:28:09 [notice] 1#1: start worker process 22
2025/12/09 11:28:09 [notice] 1#1: start worker process 23
2025/12/09 12:27:27 [notice] 1#1: signal 3 (SIGQUIT) received, shutting down
2025/12/09 12:27:27 [notice] 22#22: gracefully shutting down
2025/12/09 12:27:27 [notice] 22#22: exiting
2025/12/09 12:27:27 [notice] 22#22: exit
2025/12/09 12:27:27 [notice] 23#23: gracefully shutting down
2025/12/09 12:27:27 [notice] 23#23: exiting
2025/12/09 12:27:27 [notice] 23#23: exit
2025/12/09 12:27:27 [notice] 1#1: signal 17 (SIGCHLD) received from 22
2025/12/09 12:27:27 [notice] 1#1: worker process 22 exited with code 0
2025/12/09 12:27:27 [notice] 1#1: signal 29 (SIGIO) received
2025/12/09 12:27:27 [notice] 1#1: signal 17 (SIGCHLD) received from 23
2025/12/09 12:27:27 [notice] 1#1: worker process 23 exited with code 0
2025/12/09 12:27:27 [notice] 1#1: exit
2025/12/09 12:30:50 [notice] 1#1: using the "epoll" event method
2025/12/09 12:30:50 [notice] 1#1: nginx/1.29.3
2025/12/09 12:30:50 [notice] 1#1: built by gcc 14.2.0 (Alpine 14.2.0) 
2025/12/09 12:30:50 [notice] 1#1: OS: Linux 6.16.8+kali-amd64
2025/12/09 12:30:50 [notice] 1#1: getrlimit(RLIMIT_NOFILE): 2147483584:2147483584
2025/12/09 12:30:50 [notice] 1#1: start worker processes
2025/12/09 12:30:50 [notice] 1#1: start worker process 20
2025/12/09 12:30:50 [notice] 1#1: start worker process 21
2025/12/09 14:40:57 [notice] 1#1: signal 3 (SIGQUIT) received, shutting down
2025/12/09 14:40:57 [notice] 20#20: gracefully shutting down
2025/12/09 14:40:57 [notice] 20#20: exiting
2025/12/09 14:40:57 [notice] 20#20: exit
2025/12/09 14:40:57 [notice] 21#21: gracefully shutting down
2025/12/09 14:40:57 [notice] 21#21: exiting
2025/12/09 14:40:57 [notice] 21#21: exit
2025/12/09 14:40:57 [notice] 1#1: signal 17 (SIGCHLD) received from 20
2025/12/09 14:40:57 [notice] 1#1: worker process 20 exited with code 0
2025/12/09 14:40:57 [notice] 1#1: signal 17 (SIGCHLD) received from 21
2025/12/09 14:40:57 [notice] 1#1: worker process 21 exited with code 0
2025/12/09 14:40:57 [notice] 1#1: exit
2025/12/10 04:33:35 [emerg] 1#1: cannot load certificate "/etc/nginx/ssl/ssl.crt": PEM_read_bio_X509_AUX() failed (SSL: error:0480006C:PEM routines::no start line:Expecting: TRUSTED CERTIFICATE)
2025/12/10 04:34:31 [emerg] 1#1: cannot load certificate "/etc/nginx/ssl/ssl.crt": PEM_read_bio_X509_AUX() failed (SSL: error:0480006C:PEM routines::no start line:Expecting: TRUSTED CERTIFICATE)
2025/12/10 04:35:14 [notice] 1#1: using the "epoll" event method
2025/12/10 04:35:14 [notice] 1#1: nginx/1.29.3
2025/12/10 04:35:14 [notice] 1#1: built by gcc 14.2.0 (Alpine 14.2.0) 
2025/12/10 04:35:14 [notice] 1#1: OS: Linux 6.16.8+kali-amd64
2025/12/10 04:35:14 [notice] 1#1: getrlimit(RLIMIT_NOFILE): 2147483584:2147483584
2025/12/10 04:35:14 [notice] 1#1: start worker processes
2025/12/10 04:35:14 [notice] 1#1: start worker process 22
2025/12/10 04:35:14 [notice] 1#1: start worker process 23
2025/12/10 07:42:01 [notice] 1#1: signal 3 (SIGQUIT) received, shutting down
2025/12/10 07:42:02 [notice] 22#22: gracefully shutting down
2025/12/10 07:42:02 [notice] 22#22: exiting
2025/12/10 07:42:02 [notice] 22#22: exit
2025/12/10 07:42:02 [notice] 23#23: gracefully shutting down
2025/12/10 07:42:02 [notice] 23#23: exiting
2025/12/10 07:42:02 [notice] 23#23: exit
2025/12/10 07:42:02 [notice] 1#1: signal 17 (SIGCHLD) received from 23
2025/12/10 07:42:02 [notice] 1#1: worker process 23 exited with code 0
2025/12/10 07:42:02 [notice] 1#1: signal 29 (SIGIO) received
2025/12/10 07:42:02 [notice] 1#1: signal 17 (SIGCHLD) received from 22
2025/12/10 07:42:02 [notice] 1#1: worker process 22 exited with code 0
2025/12/10 07:42:02 [notice] 1#1: exit
2025/12/10 07:51:36 [emerg] 1#1: "log_format" directive is not allowed here in /etc/nginx/conf.d/default.conf:18
2025/12/11 10:12:34 [emerg] 1#1: "log_format" directive is not allowed here in /etc/nginx/conf.d/default.conf:18
2025/12/11 10:15:17 [notice] 1#1: using the "epoll" event method
2025/12/11 10:15:17 [notice] 1#1: nginx/1.29.3
2025/12/11 10:15:17 [notice] 1#1: built by gcc 14.2.0 (Alpine 14.2.0) 
2025/12/11 10:15:17 [notice] 1#1: OS: Linux 6.16.8+kali-amd64
2025/12/11 10:15:17 [notice] 1#1: getrlimit(RLIMIT_NOFILE): 2147483584:2147483584
2025/12/11 10:15:17 [notice] 1#1: start worker processes
2025/12/11 10:15:17 [notice] 1#1: start worker process 21
2025/12/11 10:15:17 [notice] 1#1: start worker process 22
2025/12/11 10:18:37 [notice] 1#1: signal 3 (SIGQUIT) received, shutting down
2025/12/11 10:18:37 [notice] 21#21: gracefully shutting down
2025/12/11 10:18:37 [notice] 21#21: exiting
2025/12/11 10:18:37 [notice] 21#21: exit
2025/12/11 10:18:37 [notice] 22#22: gracefully shutting down
2025/12/11 10:18:37 [notice] 22#22: exiting
2025/12/11 10:18:37 [notice] 22#22: exit
2025/12/11 10:18:37 [notice] 1#1: signal 17 (SIGCHLD) received from 21
2025/12/11 10:18:37 [notice] 1#1: worker process 21 exited with code 0
2025/12/11 10:18:37 [notice] 1#1: signal 29 (SIGIO) received
2025/12/11 10:18:37 [notice] 1#1: signal 17 (SIGCHLD) received from 22
2025/12/11 10:18:37 [notice] 1#1: worker process 22 exited with code 0
2025/12/11 10:18:37 [notice] 1#1: exit
2025/12/11 10:19:12 [emerg] 1#1: "log_format" directive is not allowed here in /etc/nginx/conf.d/default.conf:21
2025/12/11 10:26:17 [emerg] 1#1: unexpected end of file, expecting ";" or "}" in /etc/nginx/conf.d/default.conf:45
2025/12/11 10:27:14 [emerg] 1#1: duplicate "log_format" name "main" in /etc/nginx/conf.d/default.conf:17
2025/12/11 10:27:55 [emerg] 1#1: duplicate "log_format" name "main" in /etc/nginx/conf.d/default.conf:17
2025/12/11 10:28:45 [emerg] 1#1: invalid log level "main1" in /etc/nginx/conf.d/default.conf:24
2025/12/11 10:29:13 [emerg] 1#1: invalid log level "mai" in /etc/nginx/conf.d/default.conf:24
2025/12/11 10:30:14 [emerg] 1#1: duplicate "log_format" name "combined" in /etc/nginx/conf.d/default.conf:17
2025/12/11 10:32:04 [notice] 1#1: using the "epoll" event method
2025/12/11 10:32:04 [notice] 1#1: nginx/1.29.3
2025/12/11 10:32:04 [notice] 1#1: built by gcc 14.2.0 (Alpine 14.2.0) 
2025/12/11 10:32:04 [notice] 1#1: OS: Linux 6.16.8+kali-amd64
2025/12/11 10:32:04 [notice] 1#1: getrlimit(RLIMIT_NOFILE): 2147483584:2147483584
2025/12/11 10:32:04 [notice] 1#1: start worker processes
2025/12/11 10:32:04 [notice] 1#1: start worker process 20
2025/12/11 10:32:04 [notice] 1#1: start worker process 21
2025/12/11 10:56:42 [notice] 1#1: signal 3 (SIGQUIT) received, shutting down
2025/12/11 10:56:42 [notice] 20#20: gracefully shutting down
2025/12/11 10:56:42 [notice] 20#20: exiting
2025/12/11 10:56:42 [notice] 20#20: exit
2025/12/11 10:56:42 [notice] 21#21: gracefully shutting down
2025/12/11 10:56:42 [notice] 21#21: exiting
2025/12/11 10:56:42 [notice] 21#21: exit
2025/12/11 10:56:42 [notice] 1#1: signal 17 (SIGCHLD) received from 20
2025/12/11 10:56:42 [notice] 1#1: worker process 20 exited with code 0
2025/12/11 10:56:42 [notice] 1#1: signal 17 (SIGCHLD) received from 21
2025/12/11 10:56:42 [notice] 1#1: worker process 21 exited with code 0
2025/12/11 10:56:42 [notice] 1#1: exit
2025/12/11 11:01:45 [notice] 1#1: using the "epoll" event method
2025/12/11 11:01:45 [notice] 1#1: nginx/1.29.3
2025/12/11 11:01:45 [notice] 1#1: built by gcc 14.2.0 (Alpine 14.2.0) 
2025/12/11 11:01:45 [notice] 1#1: OS: Linux 6.16.8+kali-amd64
2025/12/11 11:01:45 [notice] 1#1: getrlimit(RLIMIT_NOFILE): 2147483584:2147483584
2025/12/11 11:01:45 [notice] 1#1: start worker processes
2025/12/11 11:01:45 [notice] 1#1: start worker process 22
2025/12/11 11:01:45 [notice] 1#1: start worker process 23
2025/12/12 04:40:31 [notice] 1#1: using the "epoll" event method
2025/12/12 04:40:31 [notice] 1#1: nginx/1.29.3
2025/12/12 04:40:31 [notice] 1#1: built by gcc 14.2.0 (Alpine 14.2.0) 
2025/12/12 04:40:31 [notice] 1#1: OS: Linux 6.16.8+kali-amd64
2025/12/12 04:40:31 [notice] 1#1: getrlimit(RLIMIT_NOFILE): 2147483584:2147483584
2025/12/12 04:40:31 [notice] 1#1: start worker processes
2025/12/12 04:40:31 [notice] 1#1: start worker process 22
2025/12/12 04:40:31 [notice] 1#1: start worker process 23
2025/12/12 05:58:34 [notice] 1#1: signal 3 (SIGQUIT) received, shutting down
2025/12/12 05:58:34 [notice] 22#22: gracefully shutting down
2025/12/12 05:58:34 [notice] 23#23: gracefully shutting down
2025/12/12 05:58:34 [notice] 22#22: exiting
2025/12/12 05:58:34 [notice] 23#23: exiting
2025/12/12 05:58:34 [notice] 23#23: exit
2025/12/12 05:58:34 [notice] 22#22: exit
2025/12/12 05:58:35 [notice] 1#1: signal 17 (SIGCHLD) received from 23
2025/12/12 05:58:35 [notice] 1#1: worker process 23 exited with code 0
2025/12/12 05:58:35 [notice] 1#1: signal 17 (SIGCHLD) received from 22
2025/12/12 05:58:35 [notice] 1#1: worker process 22 exited with code 0
2025/12/12 05:58:35 [notice] 1#1: exit
2025/12/12 06:04:01 [emerg] 1#1: unknown directive "lua_need_request_body" in /etc/nginx/conf.d/default.conf:26
2025/12/12 06:05:33 [notice] 1#1: using the "epoll" event method
2025/12/12 06:05:33 [notice] 1#1: nginx/1.29.3
2025/12/12 06:05:33 [notice] 1#1: built by gcc 14.2.0 (Alpine 14.2.0) 
2025/12/12 06:05:33 [notice] 1#1: OS: Linux 6.16.8+kali-amd64
2025/12/12 06:05:33 [notice] 1#1: getrlimit(RLIMIT_NOFILE): 2147483584:2147483584
2025/12/12 06:05:33 [notice] 1#1: start worker processes
2025/12/12 06:05:33 [notice] 1#1: start worker process 21
2025/12/12 06:05:33 [notice] 1#1: start worker process 22
2025/12/12 06:44:20 [notice] 1#1: signal 3 (SIGQUIT) received, shutting down
2025/12/12 06:44:20 [notice] 21#21: gracefully shutting down
2025/12/12 06:44:20 [notice] 21#21: exiting
2025/12/12 06:44:20 [notice] 22#22: gracefully shutting down
2025/12/12 06:44:20 [notice] 22#22: exiting
2025/12/12 06:44:20 [notice] 21#21: exit
2025/12/12 06:44:20 [notice] 22#22: exit
2025/12/12 06:44:20 [notice] 1#1: signal 17 (SIGCHLD) received from 21
2025/12/12 06:44:20 [notice] 1#1: worker process 21 exited with code 0
2025/12/12 06:44:20 [notice] 1#1: worker process 22 exited with code 0
2025/12/12 06:44:20 [notice] 1#1: exit
2025/12/12 06:46:45 [notice] 1#1: using the "epoll" event method
2025/12/12 06:46:45 [notice] 1#1: nginx/1.29.3
2025/12/12 06:46:45 [notice] 1#1: built by gcc 14.2.0 (Alpine 14.2.0) 
2025/12/12 06:46:45 [notice] 1#1: OS: Linux 6.16.8+kali-amd64
2025/12/12 06:46:45 [notice] 1#1: getrlimit(RLIMIT_NOFILE): 2147483584:2147483584
2025/12/12 06:46:45 [notice] 1#1: start worker processes
2025/12/12 06:46:45 [notice] 1#1: start worker process 21
2025/12/12 06:46:45 [notice] 1#1: start worker process 22
2025/12/12 07:42:25 [notice] 1#1: signal 3 (SIGQUIT) received, shutting down
2025/12/12 07:42:25 [notice] 22#22: gracefully shutting down
2025/12/12 07:42:25 [notice] 22#22: exiting
2025/12/12 07:42:25 [notice] 21#21: gracefully shutting down
2025/12/12 07:42:25 [notice] 21#21: exiting
2025/12/12 07:42:25 [notice] 21#21: exit
2025/12/12 07:42:25 [notice] 22#22: exit
2025/12/12 07:42:25 [notice] 1#1: signal 17 (SIGCHLD) received from 21
2025/12/12 07:42:25 [notice] 1#1: worker process 21 exited with code 0
2025/12/12 07:42:25 [notice] 1#1: signal 29 (SIGIO) received
2025/12/12 07:42:25 [notice] 1#1: signal 17 (SIGCHLD) received from 22
2025/12/12 07:42:25 [notice] 1#1: worker process 22 exited with code 0
2025/12/12 07:42:25 [notice] 1#1: exit
2025/12/13 09:57:22 [notice] 1#1: using the "epoll" event method
2025/12/13 09:57:22 [notice] 1#1: nginx/1.29.3
2025/12/13 09:57:22 [notice] 1#1: built by gcc 14.2.0 (Alpine 14.2.0) 
2025/12/13 09:57:22 [notice] 1#1: OS: Linux 6.16.8+kali-amd64
2025/12/13 09:57:22 [notice] 1#1: getrlimit(RLIMIT_NOFILE): 2147483584:2147483584
2025/12/13 09:57:22 [notice] 1#1: start worker processes
2025/12/13 09:57:22 [notice] 1#1: start worker process 21
2025/12/13 09:57:22 [notice] 1#1: start worker process 22
2025/12/13 15:17:01 [notice] 1#1: signal 3 (SIGQUIT) received, shutting down
2025/12/13 15:17:02 [notice] 21#21: gracefully shutting down
2025/12/13 15:17:02 [notice] 22#22: gracefully shutting down
2025/12/13 15:17:02 [notice] 22#22: exiting
2025/12/13 15:17:02 [notice] 21#21: exiting
2025/12/13 15:17:02 [notice] 22#22: exit
2025/12/13 15:17:02 [notice] 21#21: exit
2025/12/13 15:17:12 [notice] 1#1: signal 17 (SIGCHLD) received from 21
2025/12/13 15:17:12 [notice] 1#1: worker process 21 exited with code 0
2025/12/13 15:17:12 [notice] 1#1: worker process 22 exited with code 0
2025/12/13 15:17:12 [notice] 1#1: exit
